<?xml version="1.0" encoding="UTF-8"?>
<testsuite name="com.project.Mylocalpro.MylocalproApplicationTests" tests="1" skipped="0" failures="0" errors="0" timestamp="2022-10-11T09:21:56" hostname="LAPTOP-VERLFEKR" time="0.247">
  <properties/>
  <testcase name="contextLoads()" classname="com.project.Mylocalpro.MylocalproApplicationTests" time="0.247"/>
  <system-out><![CDATA[14:51:54.234 [Test worker] DEBUG org.springframework.test.context.BootstrapUtils - Instantiating CacheAwareContextLoaderDelegate from class [org.springframework.test.context.cache.DefaultCacheAwareContextLoaderDelegate]
14:51:54.245 [Test worker] DEBUG org.springframework.test.context.BootstrapUtils - Instantiating BootstrapContext using constructor [public org.springframework.test.context.support.DefaultBootstrapContext(java.lang.Class,org.springframework.test.context.CacheAwareContextLoaderDelegate)]
14:51:54.277 [Test worker] DEBUG org.springframework.test.context.BootstrapUtils - Instantiating TestContextBootstrapper for test class [com.project.Mylocalpro.MylocalproApplicationTests] from class [org.springframework.boot.test.context.SpringBootTestContextBootstrapper]
14:51:54.288 [Test worker] INFO org.springframework.boot.test.context.SpringBootTestContextBootstrapper - Neither @ContextConfiguration nor @ContextHierarchy found for test class [com.project.Mylocalpro.MylocalproApplicationTests], using SpringBootContextLoader
14:51:54.292 [Test worker] DEBUG org.springframework.test.context.support.AbstractContextLoader - Did not detect default resource location for test class [com.project.Mylocalpro.MylocalproApplicationTests]: class path resource [com/project/Mylocalpro/MylocalproApplicationTests-context.xml] does not exist
14:51:54.292 [Test worker] DEBUG org.springframework.test.context.support.AbstractContextLoader - Did not detect default resource location for test class [com.project.Mylocalpro.MylocalproApplicationTests]: class path resource [com/project/Mylocalpro/MylocalproApplicationTestsContext.groovy] does not exist
14:51:54.293 [Test worker] INFO org.springframework.test.context.support.AbstractContextLoader - Could not detect default resource locations for test class [com.project.Mylocalpro.MylocalproApplicationTests]: no resource found for suffixes {-context.xml, Context.groovy}.
14:51:54.293 [Test worker] INFO org.springframework.test.context.support.AnnotationConfigContextLoaderUtils - Could not detect default configuration classes for test class [com.project.Mylocalpro.MylocalproApplicationTests]: MylocalproApplicationTests does not declare any static, non-private, non-final, nested classes annotated with @Configuration.
14:51:54.337 [Test worker] DEBUG org.springframework.test.context.support.ActiveProfilesUtils - Could not find an 'annotation declaring class' for annotation type [org.springframework.test.context.ActiveProfiles] and class [com.project.Mylocalpro.MylocalproApplicationTests]
14:51:54.401 [Test worker] DEBUG org.springframework.context.annotation.ClassPathScanningCandidateComponentProvider - Identified candidate component class: file [E:\DevelopmentHome\Workspaces\backendWspace\sts\Gcp_integ_folder\sprbtpro\gradle\Mylocalpro\build\classes\java\main\com\project\Mylocalpro\MylocalproApplication.class]
14:51:54.403 [Test worker] INFO org.springframework.boot.test.context.SpringBootTestContextBootstrapper - Found @SpringBootConfiguration com.project.Mylocalpro.MylocalproApplication for test class com.project.Mylocalpro.MylocalproApplicationTests
14:51:54.515 [Test worker] DEBUG org.springframework.boot.test.context.SpringBootTestContextBootstrapper - @TestExecutionListeners is not present for class [com.project.Mylocalpro.MylocalproApplicationTests]: using defaults.
14:51:54.515 [Test worker] INFO org.springframework.boot.test.context.SpringBootTestContextBootstrapper - Loaded default TestExecutionListener class names from location [META-INF/spring.factories]: [org.springframework.boot.test.autoconfigure.restdocs.RestDocsTestExecutionListener, org.springframework.boot.test.autoconfigure.web.client.MockRestServiceServerResetTestExecutionListener, org.springframework.boot.test.autoconfigure.web.servlet.MockMvcPrintOnlyOnFailureTestExecutionListener, org.springframework.boot.test.autoconfigure.web.servlet.WebDriverTestExecutionListener, org.springframework.boot.test.autoconfigure.webservices.client.MockWebServiceServerTestExecutionListener, org.springframework.boot.test.mock.mockito.MockitoTestExecutionListener, org.springframework.boot.test.mock.mockito.ResetMocksTestExecutionListener, org.springframework.test.context.web.ServletTestExecutionListener, org.springframework.test.context.support.DirtiesContextBeforeModesTestExecutionListener, org.springframework.test.context.event.ApplicationEventsTestExecutionListener, org.springframework.test.context.support.DependencyInjectionTestExecutionListener, org.springframework.test.context.support.DirtiesContextTestExecutionListener, org.springframework.test.context.transaction.TransactionalTestExecutionListener, org.springframework.test.context.jdbc.SqlScriptsTestExecutionListener, org.springframework.test.context.event.EventPublishingTestExecutionListener]
14:51:54.529 [Test worker] DEBUG org.springframework.boot.test.context.SpringBootTestContextBootstrapper - Skipping candidate TestExecutionListener [org.springframework.test.context.transaction.TransactionalTestExecutionListener] due to a missing dependency. Specify custom listener classes or make the default listener classes and their required dependencies available. Offending class: [org/springframework/transaction/interceptor/TransactionAttributeSource]
14:51:54.530 [Test worker] DEBUG org.springframework.boot.test.context.SpringBootTestContextBootstrapper - Skipping candidate TestExecutionListener [org.springframework.test.context.jdbc.SqlScriptsTestExecutionListener] due to a missing dependency. Specify custom listener classes or make the default listener classes and their required dependencies available. Offending class: [org/springframework/transaction/interceptor/TransactionAttribute]
14:51:54.530 [Test worker] INFO org.springframework.boot.test.context.SpringBootTestContextBootstrapper - Using TestExecutionListeners: [org.springframework.test.context.web.ServletTestExecutionListener@3daf7722, org.springframework.test.context.support.DirtiesContextBeforeModesTestExecutionListener@78641d23, org.springframework.test.context.event.ApplicationEventsTestExecutionListener@74589991, org.springframework.boot.test.mock.mockito.MockitoTestExecutionListener@146dfe6, org.springframework.boot.test.autoconfigure.SpringBootDependencyInjectionTestExecutionListener@4716be8b, org.springframework.test.context.support.DirtiesContextTestExecutionListener@1fc32e4f, org.springframework.test.context.event.EventPublishingTestExecutionListener@2f67b837, org.springframework.boot.test.autoconfigure.restdocs.RestDocsTestExecutionListener@1869fbd2, org.springframework.boot.test.autoconfigure.web.client.MockRestServiceServerResetTestExecutionListener@6af9fcb2, org.springframework.boot.test.autoconfigure.web.servlet.MockMvcPrintOnlyOnFailureTestExecutionListener@6cce16f4, org.springframework.boot.test.autoconfigure.web.servlet.WebDriverTestExecutionListener@7efaad5a, org.springframework.boot.test.autoconfigure.webservices.client.MockWebServiceServerTestExecutionListener@291a7e3c, org.springframework.boot.test.mock.mockito.ResetMocksTestExecutionListener@ca30bc1]
14:51:54.535 [Test worker] DEBUG org.springframework.test.context.support.AbstractDirtiesContextTestExecutionListener - Before test class: context [DefaultTestContext@130e116b testClass = MylocalproApplicationTests, testInstance = [null], testMethod = [null], testException = [null], mergedContextConfiguration = [WebMergedContextConfiguration@e383572 testClass = MylocalproApplicationTests, locations = '{}', classes = '{class com.project.Mylocalpro.MylocalproApplication}', contextInitializerClasses = '[]', activeProfiles = '{}', propertySourceLocations = '{}', propertySourceProperties = '{org.springframework.boot.test.context.SpringBootTestContextBootstrapper=true}', contextCustomizers = set[org.springframework.boot.test.autoconfigure.actuate.metrics.MetricsExportContextCustomizerFactory$DisableMetricExportContextCustomizer@235ecd9f, org.springframework.boot.test.autoconfigure.properties.PropertyMappingContextCustomizer@0, org.springframework.boot.test.autoconfigure.web.servlet.WebDriverContextCustomizerFactory$Customizer@4c60d6e9, org.springframework.boot.test.context.filter.ExcludeFilterContextCustomizer@7f485fda, org.springframework.boot.test.json.DuplicateJsonObjectContextCustomizerFactory$DuplicateJsonObjectContextCustomizer@2d901eb0, org.springframework.boot.test.mock.mockito.MockitoContextCustomizer@0, org.springframework.boot.test.web.client.TestRestTemplateContextCustomizer@6fa51cd4, org.springframework.boot.test.context.SpringBootTestArgs@1, org.springframework.boot.test.context.SpringBootTestWebEnvironment@3c72f59f], resourceBasePath = 'src/main/webapp', contextLoader = 'org.springframework.boot.test.context.SpringBootContextLoader', parent = [null]], attributes = map['org.springframework.test.context.web.ServletTestExecutionListener.activateListener' -> true]], class annotated with @DirtiesContext [false] with mode [null].

  .   ____          _            __ _ _
 /\\ / ___'_ __ _ _(_)_ __  __ _ \ \ \ \
( ( )\___ | '_ | '_| | '_ \/ _` | \ \ \ \
 \\/  ___)| |_)| | | | | || (_| |  ) ) ) )
  '  |____| .__|_| |_|_| |_\__, | / / / /
 =========|_|==============|___/=/_/_/_/
 :: Spring Boot ::                (v2.7.4)

2022-10-11 14:51:54.855  INFO 30412 --- [    Test worker] c.p.M.MylocalproApplicationTests         : Starting MylocalproApplicationTests using Java 1.8.0_301 on LAPTOP-VERLFEKR with PID 30412 (started by anandkrish in E:\DevelopmentHome\Workspaces\backendWspace\sts\Gcp_integ_folder\sprbtpro\gradle\Mylocalpro)
2022-10-11 14:51:54.856  INFO 30412 --- [    Test worker] c.p.M.MylocalproApplicationTests         : No active profile set, falling back to 1 default profile: "default"
2022-10-11 14:51:56.087  INFO 30412 --- [    Test worker] c.p.M.MylocalproApplicationTests         : Started MylocalproApplicationTests in 1.515 seconds (JVM running for 2.814)
]]></system-out>
  <system-err><![CDATA[]]></system-err>
</testsuite>
